<?xml version="1.0" encoding="UTF-8"?>
<!-- Generated by org.testng.reporters.JUnitReportReporter -->
<testsuite hostname="LAPTOP-GTPH7A4A" failures="0" tests="4" name="com.qa.DayOne.Seeker.TestCases.OppPageTest" time="57.443" errors="0" timestamp="2025-01-11T16:21:34 IST" skipped="3">
  <testcase classname="com.qa.DayOne.Seeker.TestCases.OppPageTest" name="verifyFillOppPageTest" time="57.443"/>
  <system-out/>
  <testcase classname="com.qa.DayOne.Seeker.TestCases.OppPageTest" name="verifyFillOppPageMandatoryFieldsTest">
    <skipped/>
  </testcase> <!-- verifyFillOppPageMandatoryFieldsTest -->
  <system-out/>
  <testcase classname="com.qa.DayOne.Seeker.TestCases.OppPageTest" name="verifyFillOppPageAndSaveAsDraftTest">
    <skipped/>
  </testcase> <!-- verifyFillOppPageAndSaveAsDraftTest -->
  <system-out/>
  <testcase classname="com.qa.DayOne.Seeker.TestCases.OppPageTest" name="verifyFillOppPageAfterCreateTest">
    <skipped/>
  </testcase> <!-- verifyFillOppPageAfterCreateTest -->
  <system-out/>
</testsuite> <!-- com.qa.DayOne.Seeker.TestCases.OppPageTest -->
