<?xml version="1.0" encoding="UTF-8"?>
<!-- Generated by org.testng.reporters.JUnitReportReporter -->
<testsuite hostname="LAPTOP-GTPH7A4A" failures="0" tests="7" name="com.qa.DayOne.Seeker.TestCases.DashboardPageTest" time="112.448" errors="0" timestamp="2025-01-02T20:33:18 IST" skipped="0">
  <testcase classname="com.qa.DayOne.Seeker.TestCases.DashboardPageTest" name="verifyDashboardPageTitleTest" time="15.417"/>
  <system-out/>
  <testcase classname="com.qa.DayOne.Seeker.TestCases.DashboardPageTest" name="verifyUserNameTest" time="15.566"/>
  <system-out/>
  <testcase classname="com.qa.DayOne.Seeker.TestCases.DashboardPageTest" name="verifyPastOppClickTest" time="17.030"/>
  <system-out/>
  <testcase classname="com.qa.DayOne.Seeker.TestCases.DashboardPageTest" name="verifyDraftOppClickTest" time="14.776"/>
  <system-out/>
  <testcase classname="com.qa.DayOne.Seeker.TestCases.DashboardPageTest" name="verifyOppPageClickTest" time="17.319"/>
  <system-out/>
  <testcase classname="com.qa.DayOne.Seeker.TestCases.DashboardPageTest" name="verifyBackgroundPageClickTest" time="15.336"/>
  <system-out/>
  <testcase classname="com.qa.DayOne.Seeker.TestCases.DashboardPageTest" name="verifyValuesPageClickTest" time="17.004"/>
  <system-out/>
</testsuite> <!-- com.qa.DayOne.Seeker.TestCases.DashboardPageTest -->
