<?xml version="1.0" encoding="UTF-8"?>
<!-- Generated by org.testng.reporters.JUnitReportReporter -->
<testsuite hostname="LAPTOP-GTPH7A4A" failures="0" tests="2" name="com.qa.DayOne.Seeker.TestCases.BackgroundPageTest" time="59.732" errors="0" timestamp="2025-01-02T20:33:18 IST" skipped="0">
  <testcase classname="com.qa.DayOne.Seeker.TestCases.BackgroundPageTest" name="verifyBackgroundPageFormFillupTest" time="28.065"/>
  <system-out/>
  <testcase classname="com.qa.DayOne.Seeker.TestCases.BackgroundPageTest" name="verifyBackgroundPageFormAndNaviagteValues" time="31.667"/>
  <system-out/>
</testsuite> <!-- com.qa.DayOne.Seeker.TestCases.BackgroundPageTest -->
