<?xml version="1.0" encoding="UTF-8"?>
<!-- Generated by org.testng.reporters.JUnitReportReporter -->
<testsuite hostname="LAPTOP-GTPH7A4A" failures="0" tests="1" name="com.qa.DayOne.Seeker.TestCases.SaveDraftPage" time="24.399" errors="0" timestamp="2025-01-02T20:33:18 IST" skipped="0">
  <testcase classname="com.qa.DayOne.Seeker.TestCases.SaveDraftPage" name="verifyEditDraftPageTest" time="24.399"/>
  <system-out/>
</testsuite> <!-- com.qa.DayOne.Seeker.TestCases.SaveDraftPage -->
